
02/12/2022 12:58:40 Las unidades ya fueron descontadas el día : 2022-11-21 15:08:27 [Emp:3788 - Pro:194 - Can:1 - Pru. iso2:es - Pru:200 - inf. iso2:es - bar:1 - concepto:Prueba finalizada]
03/12/2022 11:30:41 Las unidades ya fueron descontadas el día : 2022-11-21 15:08:27 [Emp:3788 - Pro:194 - Can:1 - Pru. iso2:es - Pru:200 - inf. iso2:es - bar:1 - concepto:Prueba finalizada]
03/12/2022 13:27:26 Las unidades ya fueron descontadas el día : 2022-11-21 15:08:27 [Emp:3788 - Pro:194 - Can:1 - Pru. iso2:es - Pru:200 - inf. iso2:es - bar:1 - concepto:Prueba finalizada]
23/01/2023 12:14:43 Las unidades ya fueron descontadas el día : 2023-01-23 12:14:41 [Emp:3788 - Pro:224 - Can:2 - Pru. iso2:es - Pru:200 - inf. iso2:es - bar:1 - concepto:Prueba finalizada]
22/02/2023 17:38:54 Descontando unidades de la Matriz [5135] : UPDATE consumos SET descuentaMatriz=5135, nomDescuentaMatriz='FORMACION' WHERE idEmpresa=5135 AND idProceso=203 AND idCandidato=1 AND codIdiomaIso2='es' AND idPrueba='24' AND codIdiomaInforme='es' AND idTipoInforme='3' 
22/02/2023 17:38:55 Descontadas [110] unidades de la Matriz [5135] : UPDATE consumos SET descuentaMatriz=5135, nomDescuentaMatriz='FORMACION' WHERE idEmpresa=5135 AND idProceso=203 AND idCandidato=1 AND codIdiomaIso2='es' AND idPrueba='24' AND codIdiomaInforme='es' AND idTipoInforme='3' 
22/02/2023 17:40:50 Descontando unidades de la Matriz [5135] : UPDATE consumos SET descuentaMatriz=5135, nomDescuentaMatriz='FORMACION' WHERE idEmpresa=5135 AND idProceso=203 AND idCandidato=1 AND codIdiomaIso2='es' AND idPrueba='12' AND codIdiomaInforme='es' AND idTipoInforme='9' 
22/02/2023 17:40:51 Descontadas [20] unidades de la Matriz [5135] : UPDATE consumos SET descuentaMatriz=5135, nomDescuentaMatriz='FORMACION' WHERE idEmpresa=5135 AND idProceso=203 AND idCandidato=1 AND codIdiomaIso2='es' AND idPrueba='12' AND codIdiomaInforme='es' AND idTipoInforme='9' 
22/02/2023 17:43:08 Descontando unidades de la Matriz [5135] : UPDATE consumos SET descuentaMatriz=5135, nomDescuentaMatriz='FORMACION' WHERE idEmpresa=5135 AND idProceso=203 AND idCandidato=1 AND codIdiomaIso2='es' AND idPrueba='13' AND codIdiomaInforme='es' AND idTipoInforme='24' 
22/02/2023 17:43:10 Descontadas [25] unidades de la Matriz [5135] : UPDATE consumos SET descuentaMatriz=5135, nomDescuentaMatriz='FORMACION' WHERE idEmpresa=5135 AND idProceso=203 AND idCandidato=1 AND codIdiomaIso2='es' AND idPrueba='13' AND codIdiomaInforme='es' AND idTipoInforme='24' 
27/02/2023 16:40:38 Descontando unidades de la Matriz [5135] : UPDATE consumos SET descuentaMatriz=5135, nomDescuentaMatriz='FORMACION' WHERE idEmpresa=5135 AND idProceso=204 AND idCandidato=1 AND codIdiomaIso2='es' AND idPrueba='24' AND codIdiomaInforme='es' AND idTipoInforme='3' 
27/02/2023 16:40:40 Descontadas [110] unidades de la Matriz [5135] : UPDATE consumos SET descuentaMatriz=5135, nomDescuentaMatriz='FORMACION' WHERE idEmpresa=5135 AND idProceso=204 AND idCandidato=1 AND codIdiomaIso2='es' AND idPrueba='24' AND codIdiomaInforme='es' AND idTipoInforme='3' 
27/02/2023 16:42:44 Descontando unidades de la Matriz [5135] : UPDATE consumos SET descuentaMatriz=5135, nomDescuentaMatriz='FORMACION' WHERE idEmpresa=5135 AND idProceso=204 AND idCandidato=1 AND codIdiomaIso2='es' AND idPrueba='12' AND codIdiomaInforme='es' AND idTipoInforme='9' 
27/02/2023 16:42:46 Descontadas [20] unidades de la Matriz [5135] : UPDATE consumos SET descuentaMatriz=5135, nomDescuentaMatriz='FORMACION' WHERE idEmpresa=5135 AND idProceso=204 AND idCandidato=1 AND codIdiomaIso2='es' AND idPrueba='12' AND codIdiomaInforme='es' AND idTipoInforme='9' 
27/02/2023 16:44:52 Descontando unidades de la Matriz [5135] : UPDATE consumos SET descuentaMatriz=5135, nomDescuentaMatriz='FORMACION' WHERE idEmpresa=5135 AND idProceso=204 AND idCandidato=1 AND codIdiomaIso2='es' AND idPrueba='13' AND codIdiomaInforme='es' AND idTipoInforme='24' 
27/02/2023 16:44:54 Descontadas [25] unidades de la Matriz [5135] : UPDATE consumos SET descuentaMatriz=5135, nomDescuentaMatriz='FORMACION' WHERE idEmpresa=5135 AND idProceso=204 AND idCandidato=1 AND codIdiomaIso2='es' AND idPrueba='13' AND codIdiomaInforme='es' AND idTipoInforme='24' 
31/03/2023 12:28:02 Descontando unidades de la Matriz [5001] : UPDATE consumos SET descuentaMatriz=5001, nomDescuentaMatriz='PE_TECNOLOGIA' WHERE idEmpresa=5630 AND idProceso=16 AND idCandidato=1 AND codIdiomaIso2='es' AND idPrueba='24' AND codIdiomaInforme='es' AND idTipoInforme='71' 
31/03/2023 12:28:04 Descontadas [75] unidades de la Matriz [5001] : UPDATE consumos SET descuentaMatriz=5001, nomDescuentaMatriz='PE_TECNOLOGIA' WHERE idEmpresa=5630 AND idProceso=16 AND idCandidato=1 AND codIdiomaIso2='es' AND idPrueba='24' AND codIdiomaInforme='es' AND idTipoInforme='71' 
26/07/2023 13:03:54 Error Registro Existe [405][Proceso_pruebas_candidatoDB] ->	SELECT COUNT(idEmpresa) AS Max FROM proceso_pruebas_candidato WHERE idEmpresa='3788' AND idProceso='260' AND codIdiomaIso2='pt' AND idPrueba='16' AND idCandidato='1' 
26/07/2023 13:07:47 Error Registro Existe [405][Proceso_pruebas_candidatoDB] ->	SELECT COUNT(idEmpresa) AS Max FROM proceso_pruebas_candidato WHERE idEmpresa='3788' AND idProceso='261' AND codIdiomaIso2='pt' AND idPrueba='67' AND idCandidato='1' 
<<<<<<< HEAD
23/01/2024 10:00:23 Las unidades ya fueron descontadas el día : 2024-01-23 10:00:06 [Emp:5768 - Pro:2 - Can:2 - Pru. iso2:es - Pru:24 - inf. iso2:es - bar:1 - concepto:Prueba finalizada]
=======
>>>>>>> ef67b2adad35376e7004f53c2ad7cef5f1096846
